Case 1:
(6,6)
Case 2:
(1,1)
Case 3:
(5,6)
Case 4:
(1,6)
(2,5)
(3,4)
Case 5:
(1,4)
(2,3)
Case 6:
(5,6)
Case 7:
(3,6)
(4,5)
Case 8:
(4,6)
(5,5)
Case 9:
(1,6)
(2,5)
(3,4)
Case 10:
(1,4)
(2,3)
Case 11:
(1,3)
(2,2)
Case 12:
(1,5)
(2,4)
(3,3)
Case 13:
(1,2)
Case 14:
(1,5)
(2,4)
(3,3)
Case 15:
(5,6)
Case 16:
(1,5)
(2,4)
(3,3)
Case 17:
(1,6)
(2,5)
(3,4)
Case 18:
(5,6)
Case 19:
(1,3)
(2,2)
Case 20:
(1,4)
(2,3)
Case 21:
(2,6)
(3,5)
(4,4)
Case 22:
(3,6)
(4,5)
Case 23:
(6,6)
Case 24:
(6,6)
Case 25:
(4,6)
(5,5)
Case 26:
(4,6)
(5,5)
Case 27:
(2,6)
(3,5)
(4,4)
Case 28:
(1,6)
(2,5)
(3,4)
Case 29:
(6,6)
Case 30:
(1,1)
Case 31:
(1,4)
(2,3)
Case 32:
(6,6)
Case 33:
(1,4)
(2,3)
Case 34:
(1,2)
Case 35:
(1,1)
Case 36:
(1,6)
(2,5)
(3,4)
Case 37:
(1,3)
(2,2)
Case 38:
(1,4)
(2,3)
Case 39:
(1,3)
(2,2)
Case 40:
(1,2)
Case 41:
(4,6)
(5,5)
Case 42:
(1,5)
(2,4)
(3,3)
Case 43:
(1,5)
(2,4)
(3,3)
Case 44:
(1,5)
(2,4)
(3,3)
Case 45:
(1,5)
(2,4)
(3,3)
Case 46:
(1,2)
Case 47:
(4,6)
(5,5)
Case 48:
(4,6)
(5,5)
Case 49:
(2,6)
(3,5)
(4,4)
Case 50:
(1,1)
Case 51:
(1,6)
(2,5)
(3,4)
Case 52:
(1,4)
(2,3)
Case 53:
(1,3)
(2,2)
Case 54:
(1,6)
(2,5)
(3,4)
Case 55:
(3,6)
(4,5)
Case 56:
(1,6)
(2,5)
(3,4)
Case 57:
(1,5)
(2,4)
(3,3)
Case 58:
(1,4)
(2,3)
Case 59:
(1,2)
Case 60:
(1,3)
(2,2)
Case 61:
(1,3)
(2,2)
Case 62:
(1,1)
Case 63:
(2,6)
(3,5)
(4,4)
Case 64:
(2,6)
(3,5)
(4,4)
Case 65:
(1,6)
(2,5)
(3,4)
Case 66:
(1,6)
(2,5)
(3,4)
Case 67:
(2,6)
(3,5)
(4,4)
Case 68:
(1,6)
(2,5)
(3,4)
Case 69:
(6,6)
Case 70:
(5,6)
Case 71:
(5,6)
Case 72:
(1,4)
(2,3)
Case 73:
(5,6)
Case 74:
(4,6)
(5,5)
Case 75:
(6,6)
Case 76:
(1,4)
(2,3)
Case 77:
(1,5)
(2,4)
(3,3)
Case 78:
(1,1)
Case 79:
(1,3)
(2,2)
Case 80:
(2,6)
(3,5)
(4,4)
Case 81:
(6,6)
Case 82:
(2,6)
(3,5)
(4,4)
Case 83:
(1,2)
Case 84:
(1,4)
(2,3)
Case 85:
(3,6)
(4,5)
Case 86:
(1,4)
(2,3)
Case 87:
(4,6)
(5,5)
Case 88:
(3,6)
(4,5)
Case 89:
(6,6)
Case 90:
(5,6)
Case 91:
(5,6)
Case 92:
(2,6)
(3,5)
(4,4)
Case 93:
(1,3)
(2,2)
Case 94:
(1,4)
(2,3)
Case 95:
(4,6)
(5,5)
Case 96:
(1,6)
(2,5)
(3,4)
Case 97:
(3,6)
(4,5)
Case 98:
(3,6)
(4,5)
Case 99:
(3,6)
(4,5)
Case 100:
(5,6)
Case 101:
(5,6)
Case 102:
(1,2)
Case 103:
(6,6)
Case 104:
(1,3)
(2,2)
Case 105:
(1,5)
(2,4)
(3,3)
Case 106:
(1,2)
Case 107:
(1,5)
(2,4)
(3,3)
Case 108:
(6,6)
Case 109:
(5,6)
Case 110:
(4,6)
(5,5)
Case 111:
(4,6)
(5,5)
Case 112:
(1,5)
(2,4)
(3,3)
Case 113:
(1,5)
(2,4)
(3,3)
Case 114:
(2,6)
(3,5)
(4,4)
Case 115:
(1,4)
(2,3)
Case 116:
(1,1)
Case 117:
(2,6)
(3,5)
(4,4)
Case 118:
(1,2)
Case 119:
(1,4)
(2,3)
Case 120:
(3,6)
(4,5)
Case 121:
(1,6)
(2,5)
(3,4)
Case 122:
(1,3)
(2,2)
Case 123:
(3,6)
(4,5)
Case 124:
(1,6)
(2,5)
(3,4)
Case 125:
(1,5)
(2,4)
(3,3)
Case 126:
(1,2)
Case 127:
(1,5)
(2,4)
(3,3)
Case 128:
(1,3)
(2,2)
Case 129:
(1,1)
Case 130:
(1,4)
(2,3)
Case 131:
(1,6)
(2,5)
(3,4)
Case 132:
(1,5)
(2,4)
(3,3)
Case 133:
(1,1)
Case 134:
(1,2)
Case 135:
(1,2)
Case 136:
(1,2)
Case 137:
(1,4)
(2,3)
Case 138:
(1,3)
(2,2)
Case 139:
(1,1)
Case 140:
(6,6)
Case 141:
(1,2)
Case 142:
(4,6)
(5,5)
Case 143:
(1,6)
(2,5)
(3,4)
Case 144:
(5,6)
Case 145:
(1,3)
(2,2)
Case 146:
(1,6)
(2,5)
(3,4)
Case 147:
(6,6)
Case 148:
(1,3)
(2,2)
Case 149:
(1,3)
(2,2)
Case 150:
(1,6)
(2,5)
(3,4)
Case 151:
(1,6)
(2,5)
(3,4)
Case 152:
(1,4)
(2,3)
Case 153:
(4,6)
(5,5)
Case 154:
(1,1)
Case 155:
(4,6)
(5,5)
Case 156:
(1,2)
Case 157:
(1,2)
Case 158:
(5,6)
Case 159:
(2,6)
(3,5)
(4,4)
Case 160:
(6,6)
Case 161:
(1,2)
Case 162:
(6,6)
Case 163:
(1,6)
(2,5)
(3,4)
Case 164:
(1,1)
Case 165:
(1,4)
(2,3)
Case 166:
(5,6)
Case 167:
(4,6)
(5,5)
Case 168:
(1,4)
(2,3)
Case 169:
(5,6)
Case 170:
(5,6)
Case 171:
(3,6)
(4,5)
Case 172:
(1,1)
Case 173:
(6,6)
Case 174:
(5,6)
Case 175:
(6,6)
Case 176:
(1,6)
(2,5)
(3,4)
Case 177:
(6,6)
Case 178:
(5,6)
Case 179:
(1,5)
(2,4)
(3,3)
Case 180:
(1,6)
(2,5)
(3,4)
Case 181:
(1,4)
(2,3)
Case 182:
(5,6)
Case 183:
(2,6)
(3,5)
(4,4)
Case 184:
(1,1)
Case 185:
(1,5)
(2,4)
(3,3)
Case 186:
(1,6)
(2,5)
(3,4)
Case 187:
(1,2)
Case 188:
(2,6)
(3,5)
(4,4)
Case 189:
(1,5)
(2,4)
(3,3)
Case 190:
(3,6)
(4,5)
Case 191:
(1,4)
(2,3)
Case 192:
(1,2)
Case 193:
(5,6)
Case 194:
(6,6)
Case 195:
(1,6)
(2,5)
(3,4)
Case 196:
(1,3)
(2,2)
Case 197:
(3,6)
(4,5)
Case 198:
(1,2)
Case 199:
(2,6)
(3,5)
(4,4)
Case 200:
(1,5)
(2,4)
(3,3)
Case 201:
(1,6)
(2,5)
(3,4)
Case 202:
(1,2)
Case 203:
(1,1)
Case 204:
(1,4)
(2,3)
Case 205:
(1,1)
Case 206:
(5,6)
Case 207:
(1,5)
(2,4)
(3,3)
Case 208:
(5,6)
Case 209:
(3,6)
(4,5)
Case 210:
(1,4)
(2,3)
Case 211:
(1,4)
(2,3)
Case 212:
(1,3)
(2,2)
Case 213:
(4,6)
(5,5)
Case 214:
(5,6)
Case 215:
(3,6)
(4,5)
Case 216:
(1,1)
Case 217:
(1,4)
(2,3)
Case 218:
(3,6)
(4,5)
Case 219:
(1,1)
Case 220:
(1,5)
(2,4)
(3,3)
Case 221:
(3,6)
(4,5)
Case 222:
(1,6)
(2,5)
(3,4)
Case 223:
(1,6)
(2,5)
(3,4)
Case 224:
(1,2)
Case 225:
(3,6)
(4,5)
Case 226:
(1,1)
Case 227:
(1,1)
Case 228:
(6,6)
Case 229:
(6,6)
Case 230:
(4,6)
(5,5)
Case 231:
(2,6)
(3,5)
(4,4)
Case 232:
(1,6)
(2,5)
(3,4)
Case 233:
(4,6)
(5,5)
Case 234:
(1,4)
(2,3)
Case 235:
(6,6)
Case 236:
(6,6)
Case 237:
(1,6)
(2,5)
(3,4)
Case 238:
(1,1)
Case 239:
(1,1)
Case 240:
(3,6)
(4,5)
Case 241:
(1,2)
Case 242:
(3,6)
(4,5)
Case 243:
(1,5)
(2,4)
(3,3)
Case 244:
(3,6)
(4,5)
Case 245:
(1,4)
(2,3)
Case 246:
(1,1)
Case 247:
(4,6)
(5,5)
Case 248:
(6,6)
Case 249:
(1,1)
Case 250:
(1,2)
Case 251:
(6,6)
Case 252:
(2,6)
(3,5)
(4,4)
Case 253:
(1,3)
(2,2)
Case 254:
(2,6)
(3,5)
(4,4)
Case 255:
(1,3)
(2,2)
Case 256:
(1,5)
(2,4)
(3,3)
Case 257:
(2,6)
(3,5)
(4,4)
Case 258:
(6,6)
Case 259:
(6,6)
Case 260:
(6,6)
Case 261:
(1,6)
(2,5)
(3,4)
Case 262:
(1,2)
Case 263:
(1,3)
(2,2)
Case 264:
(1,1)
Case 265:
(2,6)
(3,5)
(4,4)
Case 266:
(3,6)
(4,5)
Case 267:
(1,2)
Case 268:
(4,6)
(5,5)
Case 269:
(3,6)
(4,5)
Case 270:
(4,6)
(5,5)
Case 271:
(5,6)
Case 272:
(2,6)
(3,5)
(4,4)
Case 273:
(3,6)
(4,5)
Case 274:
(3,6)
(4,5)
Case 275:
(1,4)
(2,3)
Case 276:
(1,6)
(2,5)
(3,4)
Case 277:
(3,6)
(4,5)
Case 278:
(6,6)
Case 279:
(3,6)
(4,5)
Case 280:
(1,6)
(2,5)
(3,4)
Case 281:
(4,6)
(5,5)
Case 282:
(1,5)
(2,4)
(3,3)
Case 283:
(1,5)
(2,4)
(3,3)
Case 284:
(6,6)
Case 285:
(2,6)
(3,5)
(4,4)
Case 286:
(1,3)
(2,2)
Case 287:
(1,2)
Case 288:
(6,6)
Case 289:
(1,4)
(2,3)
Case 290:
(2,6)
(3,5)
(4,4)
Case 291:
(3,6)
(4,5)
Case 292:
(1,1)
Case 293:
(1,3)
(2,2)
Case 294:
(4,6)
(5,5)
Case 295:
(1,2)
Case 296:
(1,3)
(2,2)
Case 297:
(3,6)
(4,5)
Case 298:
(1,1)
Case 299:
(1,5)
(2,4)
(3,3)
Case 300:
(5,6)
Case 301:
(1,6)
(2,5)
(3,4)
Case 302:
(1,4)
(2,3)
Case 303:
(1,5)
(2,4)
(3,3)
Case 304:
(1,5)
(2,4)
(3,3)
Case 305:
(3,6)
(4,5)
Case 306:
(3,6)
(4,5)
Case 307:
(1,6)
(2,5)
(3,4)
Case 308:
(1,1)
Case 309:
(2,6)
(3,5)
(4,4)
Case 310:
(1,2)
Case 311:
(6,6)
Case 312:
(1,1)
Case 313:
(4,6)
(5,5)
Case 314:
(4,6)
(5,5)
Case 315:
(1,4)
(2,3)
Case 316:
(1,2)
Case 317:
(5,6)
Case 318:
(1,2)
Case 319:
(6,6)
Case 320:
(2,6)
(3,5)
(4,4)
Case 321:
(5,6)
Case 322:
(6,6)
Case 323:
(3,6)
(4,5)
Case 324:
(2,6)
(3,5)
(4,4)
Case 325:
(3,6)
(4,5)
Case 326:
(1,3)
(2,2)
Case 327:
(4,6)
(5,5)
Case 328:
(1,4)
(2,3)
Case 329:
(6,6)
Case 330:
(1,2)
Case 331:
(1,3)
(2,2)
Case 332:
(1,2)
Case 333:
(6,6)
Case 334:
(1,2)
Case 335:
(5,6)
Case 336:
(1,2)
Case 337:
(1,1)
Case 338:
(4,6)
(5,5)
Case 339:
(4,6)
(5,5)
Case 340:
(1,4)
(2,3)
Case 341:
(2,6)
(3,5)
(4,4)
Case 342:
(6,6)
Case 343:
(1,2)
Case 344:
(1,5)
(2,4)
(3,3)
Case 345:
(1,4)
(2,3)
Case 346:
(2,6)
(3,5)
(4,4)
Case 347:
(3,6)
(4,5)
Case 348:
(1,2)
Case 349:
(5,6)
Case 350:
(1,3)
(2,2)
Case 351:
(3,6)
(4,5)
Case 352:
(1,6)
(2,5)
(3,4)
Case 353:
(1,1)
Case 354:
(1,6)
(2,5)
(3,4)
Case 355:
(5,6)
Case 356:
(1,1)
Case 357:
(1,6)
(2,5)
(3,4)
Case 358:
(1,2)
Case 359:
(5,6)
Case 360:
(1,4)
(2,3)
Case 361:
(5,6)
Case 362:
(6,6)
Case 363:
(1,5)
(2,4)
(3,3)
Case 364:
(5,6)
Case 365:
(1,3)
(2,2)
Case 366:
(1,1)
Case 367:
(1,6)
(2,5)
(3,4)
Case 368:
(1,1)
Case 369:
(1,4)
(2,3)
Case 370:
(6,6)
Case 371:
(1,1)
Case 372:
(2,6)
(3,5)
(4,4)
Case 373:
(3,6)
(4,5)
Case 374:
(1,4)
(2,3)
Case 375:
(3,6)
(4,5)
Case 376:
(5,6)
Case 377:
(1,5)
(2,4)
(3,3)
Case 378:
(1,2)
Case 379:
(3,6)
(4,5)
Case 380:
(1,6)
(2,5)
(3,4)
Case 381:
(1,6)
(2,5)
(3,4)
Case 382:
(1,6)
(2,5)
(3,4)
Case 383:
(3,6)
(4,5)
Case 384:
(1,6)
(2,5)
(3,4)
Case 385:
(1,5)
(2,4)
(3,3)
Case 386:
(1,5)
(2,4)
(3,3)
Case 387:
(1,2)
Case 388:
(1,2)
Case 389:
(4,6)
(5,5)
Case 390:
(1,3)
(2,2)
Case 391:
(6,6)
Case 392:
(1,6)
(2,5)
(3,4)
Case 393:
(1,3)
(2,2)
Case 394:
(4,6)
(5,5)
Case 395:
(1,2)
Case 396:
(1,5)
(2,4)
(3,3)
Case 397:
(3,6)
(4,5)
Case 398:
(1,2)
Case 399:
(1,6)
(2,5)
(3,4)
Case 400:
(1,5)
(2,4)
(3,3)
Case 401:
(6,6)
Case 402:
(1,4)
(2,3)
Case 403:
(6,6)
Case 404:
(1,5)
(2,4)
(3,3)
Case 405:
(1,2)
Case 406:
(1,4)
(2,3)
Case 407:
(1,6)
(2,5)
(3,4)
Case 408:
(1,6)
(2,5)
(3,4)
Case 409:
(2,6)
(3,5)
(4,4)
Case 410:
(1,3)
(2,2)
Case 411:
(6,6)
Case 412:
(6,6)
Case 413:
(2,6)
(3,5)
(4,4)
Case 414:
(3,6)
(4,5)
Case 415:
(2,6)
(3,5)
(4,4)
Case 416:
(2,6)
(3,5)
(4,4)
Case 417:
(6,6)
Case 418:
(1,6)
(2,5)
(3,4)
Case 419:
(4,6)
(5,5)
Case 420:
(1,6)
(2,5)
(3,4)
Case 421:
(1,6)
(2,5)
(3,4)
Case 422:
(4,6)
(5,5)
Case 423:
(5,6)
Case 424:
(5,6)
Case 425:
(1,5)
(2,4)
(3,3)
Case 426:
(1,3)
(2,2)
Case 427:
(2,6)
(3,5)
(4,4)
Case 428:
(1,6)
(2,5)
(3,4)
Case 429:
(1,3)
(2,2)
Case 430:
(3,6)
(4,5)
Case 431:
(1,2)
Case 432:
(6,6)
Case 433:
(3,6)
(4,5)
Case 434:
(1,3)
(2,2)
Case 435:
(1,4)
(2,3)
Case 436:
(1,5)
(2,4)
(3,3)
Case 437:
(1,6)
(2,5)
(3,4)
Case 438:
(1,1)
Case 439:
(1,4)
(2,3)
Case 440:
(6,6)
Case 441:
(2,6)
(3,5)
(4,4)
Case 442:
(1,4)
(2,3)
Case 443:
(4,6)
(5,5)
Case 444:
(1,2)
Case 445:
(1,3)
(2,2)
Case 446:
(1,2)
Case 447:
(4,6)
(5,5)
Case 448:
(1,2)
Case 449:
(1,3)
(2,2)
Case 450:
(2,6)
(3,5)
(4,4)
Case 451:
(1,2)
Case 452:
(5,6)
Case 453:
(1,6)
(2,5)
(3,4)
Case 454:
(1,5)
(2,4)
(3,3)
Case 455:
(3,6)
(4,5)
Case 456:
(1,6)
(2,5)
(3,4)
Case 457:
(3,6)
(4,5)
Case 458:
(1,1)
Case 459:
(5,6)
Case 460:
(3,6)
(4,5)
Case 461:
(4,6)
(5,5)
Case 462:
(4,6)
(5,5)
Case 463:
(5,6)
Case 464:
(1,1)
Case 465:
(1,3)
(2,2)
Case 466:
(3,6)
(4,5)
Case 467:
(1,5)
(2,4)
(3,3)
Case 468:
(1,2)
Case 469:
(2,6)
(3,5)
(4,4)
Case 470:
(4,6)
(5,5)
Case 471:
(1,5)
(2,4)
(3,3)
Case 472:
(6,6)
Case 473:
(1,2)
Case 474:
(1,4)
(2,3)
Case 475:
(1,1)
Case 476:
(2,6)
(3,5)
(4,4)
Case 477:
(1,6)
(2,5)
(3,4)
Case 478:
(1,1)
Case 479:
(1,1)
Case 480:
(1,3)
(2,2)
Case 481:
(2,6)
(3,5)
(4,4)
Case 482:
(1,4)
(2,3)
Case 483:
(5,6)
Case 484:
(5,6)
Case 485:
(4,6)
(5,5)
Case 486:
(2,6)
(3,5)
(4,4)
Case 487:
(6,6)
Case 488:
(4,6)
(5,5)
Case 489:
(1,6)
(2,5)
(3,4)
Case 490:
(1,4)
(2,3)
Case 491:
(1,4)
(2,3)
Case 492:
(2,6)
(3,5)
(4,4)
Case 493:
(3,6)
(4,5)
Case 494:
(1,4)
(2,3)
Case 495:
(4,6)
(5,5)
Case 496:
(1,6)
(2,5)
(3,4)
Case 497:
(1,1)
Case 498:
(1,4)
(2,3)
Case 499:
(2,6)
(3,5)
(4,4)
Case 500:
(1,6)
(2,5)
(3,4)
Case 501:
(1,4)
(2,3)
Case 502:
(1,3)
(2,2)
Case 503:
(2,6)
(3,5)
(4,4)
Case 504:
(1,3)
(2,2)
Case 505:
(2,6)
(3,5)
(4,4)
Case 506:
(6,6)
Case 507:
(1,2)
Case 508:
(1,6)
(2,5)
(3,4)
Case 509:
(1,3)
(2,2)
Case 510:
(4,6)
(5,5)
Case 511:
(6,6)
Case 512:
(4,6)
(5,5)
Case 513:
(4,6)
(5,5)
Case 514:
(2,6)
(3,5)
(4,4)
Case 515:
(1,6)
(2,5)
(3,4)
Case 516:
(2,6)
(3,5)
(4,4)
Case 517:
(5,6)
Case 518:
(6,6)
Case 519:
(1,6)
(2,5)
(3,4)
Case 520:
(2,6)
(3,5)
(4,4)
Case 521:
(4,6)
(5,5)
Case 522:
(1,4)
(2,3)
Case 523:
(5,6)
Case 524:
(3,6)
(4,5)
Case 525:
(1,6)
(2,5)
(3,4)
Case 526:
(5,6)
Case 527:
(1,6)
(2,5)
(3,4)
Case 528:
(2,6)
(3,5)
(4,4)
Case 529:
(2,6)
(3,5)
(4,4)
Case 530:
(1,6)
(2,5)
(3,4)
Case 531:
(3,6)
(4,5)
Case 532:
(3,6)
(4,5)
Case 533:
(1,4)
(2,3)
Case 534:
(1,6)
(2,5)
(3,4)
Case 535:
(1,1)
Case 536:
(1,4)
(2,3)
Case 537:
(4,6)
(5,5)
Case 538:
(3,6)
(4,5)
Case 539:
(1,6)
(2,5)
(3,4)
Case 540:
(4,6)
(5,5)
Case 541:
(4,6)
(5,5)
Case 542:
(4,6)
(5,5)
Case 543:
(1,2)
Case 544:
(1,6)
(2,5)
(3,4)
Case 545:
(3,6)
(4,5)
Case 546:
(1,4)
(2,3)
Case 547:
(4,6)
(5,5)
Case 548:
(1,2)
Case 549:
(1,1)
Case 550:
(5,6)
Case 551:
(2,6)
(3,5)
(4,4)
Case 552:
(1,4)
(2,3)
Case 553:
(1,1)
Case 554:
(1,4)
(2,3)
Case 555:
(1,3)
(2,2)
Case 556:
(6,6)
Case 557:
(1,4)
(2,3)
Case 558:
(2,6)
(3,5)
(4,4)
Case 559:
(6,6)
Case 560:
(1,3)
(2,2)
Case 561:
(1,6)
(2,5)
(3,4)
Case 562:
(1,1)
Case 563:
(1,4)
(2,3)
Case 564:
(1,6)
(2,5)
(3,4)
Case 565:
(6,6)
Case 566:
(6,6)
Case 567:
(1,2)
Case 568:
(3,6)
(4,5)
Case 569:
(1,3)
(2,2)
Case 570:
(1,5)
(2,4)
(3,3)
Case 571:
(1,3)
(2,2)
Case 572:
(1,5)
(2,4)
(3,3)
Case 573:
(4,6)
(5,5)
Case 574:
(6,6)
Case 575:
(1,6)
(2,5)
(3,4)
Case 576:
(3,6)
(4,5)
Case 577:
(6,6)
Case 578:
(2,6)
(3,5)
(4,4)
Case 579:
(1,5)
(2,4)
(3,3)
Case 580:
(1,5)
(2,4)
(3,3)
Case 581:
(2,6)
(3,5)
(4,4)
Case 582:
(5,6)
Case 583:
(3,6)
(4,5)
Case 584:
(6,6)
Case 585:
(3,6)
(4,5)
Case 586:
(4,6)
(5,5)
Case 587:
(6,6)
Case 588:
(4,6)
(5,5)
Case 589:
(1,2)
Case 590:
(1,4)
(2,3)
Case 591:
(3,6)
(4,5)
Case 592:
(4,6)
(5,5)
Case 593:
(1,5)
(2,4)
(3,3)
Case 594:
(6,6)
Case 595:
(1,2)
Case 596:
(5,6)
Case 597:
(1,1)
Case 598:
(1,2)
Case 599:
(1,5)
(2,4)
(3,3)
Case 600:
(1,3)
(2,2)
Case 601:
(3,6)
(4,5)
Case 602:
(1,6)
(2,5)
(3,4)
Case 603:
(5,6)
Case 604:
(4,6)
(5,5)
Case 605:
(2,6)
(3,5)
(4,4)
Case 606:
(1,3)
(2,2)
Case 607:
(3,6)
(4,5)
Case 608:
(2,6)
(3,5)
(4,4)
Case 609:
(1,4)
(2,3)
Case 610:
(2,6)
(3,5)
(4,4)
Case 611:
(5,6)
Case 612:
(6,6)
Case 613:
(4,6)
(5,5)
Case 614:
(1,2)
Case 615:
(1,4)
(2,3)
Case 616:
(4,6)
(5,5)
Case 617:
(1,5)
(2,4)
(3,3)
Case 618:
(4,6)
(5,5)
Case 619:
(1,4)
(2,3)
Case 620:
(1,1)
Case 621:
(1,1)
Case 622:
(3,6)
(4,5)
Case 623:
(1,5)
(2,4)
(3,3)
Case 624:
(1,4)
(2,3)
Case 625:
(4,6)
(5,5)
Case 626:
(1,5)
(2,4)
(3,3)
Case 627:
(3,6)
(4,5)
Case 628:
(1,1)
Case 629:
(3,6)
(4,5)
Case 630:
(3,6)
(4,5)
Case 631:
(5,6)
Case 632:
(2,6)
(3,5)
(4,4)
Case 633:
(1,3)
(2,2)
Case 634:
(1,1)
Case 635:
(5,6)
Case 636:
(3,6)
(4,5)
Case 637:
(2,6)
(3,5)
(4,4)
Case 638:
(2,6)
(3,5)
(4,4)
Case 639:
(1,2)
Case 640:
(1,4)
(2,3)
Case 641:
(1,1)
Case 642:
(6,6)
Case 643:
(5,6)
Case 644:
(1,5)
(2,4)
(3,3)
Case 645:
(5,6)
Case 646:
(1,1)
Case 647:
(1,3)
(2,2)
Case 648:
(6,6)
Case 649:
(1,2)
Case 650:
(1,1)
Case 651:
(3,6)
(4,5)
Case 652:
(1,4)
(2,3)
Case 653:
(5,6)
Case 654:
(1,5)
(2,4)
(3,3)
Case 655:
(1,6)
(2,5)
(3,4)
Case 656:
(6,6)
Case 657:
(1,5)
(2,4)
(3,3)
Case 658:
(3,6)
(4,5)
Case 659:
(6,6)
Case 660:
(1,1)
Case 661:
(5,6)
Case 662:
(5,6)
Case 663:
(3,6)
(4,5)
Case 664:
(1,4)
(2,3)
Case 665:
(1,3)
(2,2)
Case 666:
(4,6)
(5,5)
Case 667:
(1,2)
Case 668:
(1,1)
Case 669:
(3,6)
(4,5)
Case 670:
(1,2)
Case 671:
(1,2)
Case 672:
(5,6)
Case 673:
(6,6)
Case 674:
(1,3)
(2,2)
Case 675:
(6,6)
Case 676:
(1,5)
(2,4)
(3,3)
Case 677:
(5,6)
Case 678:
(3,6)
(4,5)
Case 679:
(1,5)
(2,4)
(3,3)
Case 680:
(1,3)
(2,2)
Case 681:
(1,3)
(2,2)
Case 682:
(3,6)
(4,5)
Case 683:
(1,2)
Case 684:
(1,4)
(2,3)
Case 685:
(4,6)
(5,5)
Case 686:
(1,5)
(2,4)
(3,3)
Case 687:
(1,1)
Case 688:
(5,6)
Case 689:
(1,2)
Case 690:
(4,6)
(5,5)
Case 691:
(1,3)
(2,2)
Case 692:
(1,2)
Case 693:
(1,2)
Case 694:
(6,6)
Case 695:
(2,6)
(3,5)
(4,4)
Case 696:
(1,6)
(2,5)
(3,4)
Case 697:
(1,4)
(2,3)
Case 698:
(1,6)
(2,5)
(3,4)
Case 699:
(1,4)
(2,3)
Case 700:
(1,1)
Case 701:
(6,6)
Case 702:
(1,4)
(2,3)
Case 703:
(1,3)
(2,2)
Case 704:
(2,6)
(3,5)
(4,4)
Case 705:
(2,6)
(3,5)
(4,4)
Case 706:
(1,5)
(2,4)
(3,3)
Case 707:
(1,3)
(2,2)
Case 708:
(1,6)
(2,5)
(3,4)
Case 709:
(1,2)
Case 710:
(1,1)
Case 711:
(1,1)
Case 712:
(1,3)
(2,2)
Case 713:
(1,1)
Case 714:
(1,1)
Case 715:
(1,1)
Case 716:
(1,6)
(2,5)
(3,4)
Case 717:
(6,6)
Case 718:
(1,4)
(2,3)
Case 719:
(2,6)
(3,5)
(4,4)
Case 720:
(1,6)
(2,5)
(3,4)
Case 721:
(1,6)
(2,5)
(3,4)
Case 722:
(1,5)
(2,4)
(3,3)
Case 723:
(4,6)
(5,5)
Case 724:
(1,5)
(2,4)
(3,3)
Case 725:
(4,6)
(5,5)
Case 726:
(1,2)
Case 727:
(4,6)
(5,5)
Case 728:
(1,3)
(2,2)
Case 729:
(4,6)
(5,5)
Case 730:
(5,6)
Case 731:
(4,6)
(5,5)
Case 732:
(1,1)
Case 733:
(3,6)
(4,5)
Case 734:
(1,6)
(2,5)
(3,4)
Case 735:
(6,6)
Case 736:
(1,5)
(2,4)
(3,3)
Case 737:
(1,4)
(2,3)
Case 738:
(3,6)
(4,5)
Case 739:
(2,6)
(3,5)
(4,4)
Case 740:
(1,4)
(2,3)
Case 741:
(1,2)
Case 742:
(1,3)
(2,2)
Case 743:
(6,6)
Case 744:
(2,6)
(3,5)
(4,4)
Case 745:
(1,4)
(2,3)
Case 746:
(1,4)
(2,3)
Case 747:
(3,6)
(4,5)
Case 748:
(1,4)
(2,3)
Case 749:
(1,2)
Case 750:
(3,6)
(4,5)
Case 751:
(1,2)
Case 752:
(4,6)
(5,5)
Case 753:
(1,3)
(2,2)
Case 754:
(2,6)
(3,5)
(4,4)
Case 755:
(1,1)
Case 756:
(1,3)
(2,2)
Case 757:
(1,2)
Case 758:
(3,6)
(4,5)
Case 759:
(1,4)
(2,3)
Case 760:
(1,1)
Case 761:
(1,4)
(2,3)
Case 762:
(1,6)
(2,5)
(3,4)
Case 763:
(1,3)
(2,2)
Case 764:
(4,6)
(5,5)
Case 765:
(2,6)
(3,5)
(4,4)
Case 766:
(5,6)
Case 767:
(1,4)
(2,3)
Case 768:
(1,1)
Case 769:
(1,3)
(2,2)
Case 770:
(6,6)
Case 771:
(1,6)
(2,5)
(3,4)
Case 772:
(4,6)
(5,5)
Case 773:
(2,6)
(3,5)
(4,4)
Case 774:
(2,6)
(3,5)
(4,4)
Case 775:
(1,4)
(2,3)
Case 776:
(1,2)
Case 777:
(1,5)
(2,4)
(3,3)
Case 778:
(1,4)
(2,3)
Case 779:
(1,2)
Case 780:
(1,3)
(2,2)
Case 781:
(1,2)
Case 782:
(1,6)
(2,5)
(3,4)
Case 783:
(6,6)
Case 784:
(1,6)
(2,5)
(3,4)
Case 785:
(1,3)
(2,2)
Case 786:
(5,6)
Case 787:
(1,5)
(2,4)
(3,3)
Case 788:
(1,1)
Case 789:
(1,5)
(2,4)
(3,3)
Case 790:
(4,6)
(5,5)
Case 791:
(2,6)
(3,5)
(4,4)
Case 792:
(3,6)
(4,5)
Case 793:
(5,6)
Case 794:
(1,5)
(2,4)
(3,3)
Case 795:
(1,5)
(2,4)
(3,3)
Case 796:
(2,6)
(3,5)
(4,4)
Case 797:
(1,2)
Case 798:
(1,1)
Case 799:
(2,6)
(3,5)
(4,4)
Case 800:
(2,6)
(3,5)
(4,4)
Case 801:
(2,6)
(3,5)
(4,4)
Case 802:
(6,6)
Case 803:
(4,6)
(5,5)
Case 804:
(1,5)
(2,4)
(3,3)
Case 805:
(3,6)
(4,5)
Case 806:
(2,6)
(3,5)
(4,4)
Case 807:
(1,2)
Case 808:
(1,5)
(2,4)
(3,3)
Case 809:
(3,6)
(4,5)
Case 810:
(1,2)
Case 811:
(4,6)
(5,5)
Case 812:
(2,6)
(3,5)
(4,4)
Case 813:
(1,4)
(2,3)
Case 814:
(1,4)
(2,3)
Case 815:
(1,2)
Case 816:
(1,4)
(2,3)
Case 817:
(1,4)
(2,3)
Case 818:
(1,4)
(2,3)
Case 819:
(5,6)
Case 820:
(2,6)
(3,5)
(4,4)
Case 821:
(2,6)
(3,5)
(4,4)
Case 822:
(1,1)
Case 823:
(1,5)
(2,4)
(3,3)
Case 824:
(1,6)
(2,5)
(3,4)
Case 825:
(1,6)
(2,5)
(3,4)
Case 826:
(1,3)
(2,2)
Case 827:
(3,6)
(4,5)
Case 828:
(1,6)
(2,5)
(3,4)
Case 829:
(5,6)
Case 830:
(1,3)
(2,2)
Case 831:
(1,6)
(2,5)
(3,4)
Case 832:
(6,6)
Case 833:
(1,2)
Case 834:
(1,1)
Case 835:
(1,1)
Case 836:
(1,2)
Case 837:
(4,6)
(5,5)
Case 838:
(4,6)
(5,5)
Case 839:
(1,1)
Case 840:
(5,6)
Case 841:
(1,5)
(2,4)
(3,3)
Case 842:
(1,2)
Case 843:
(1,1)
Case 844:
(3,6)
(4,5)
Case 845:
(5,6)
Case 846:
(1,3)
(2,2)
Case 847:
(1,2)
Case 848:
(1,5)
(2,4)
(3,3)
Case 849:
(1,5)
(2,4)
(3,3)
Case 850:
(6,6)
Case 851:
(6,6)
Case 852:
(3,6)
(4,5)
Case 853:
(3,6)
(4,5)
Case 854:
(4,6)
(5,5)
Case 855:
(2,6)
(3,5)
(4,4)
Case 856:
(1,2)
Case 857:
(1,3)
(2,2)
Case 858:
(1,1)
Case 859:
(1,2)
Case 860:
(1,4)
(2,3)
Case 861:
(2,6)
(3,5)
(4,4)
Case 862:
(3,6)
(4,5)
Case 863:
(2,6)
(3,5)
(4,4)
Case 864:
(1,3)
(2,2)
Case 865:
(5,6)
Case 866:
(5,6)
Case 867:
(3,6)
(4,5)
Case 868:
(2,6)
(3,5)
(4,4)
Case 869:
(4,6)
(5,5)
Case 870:
(1,4)
(2,3)
Case 871:
(1,5)
(2,4)
(3,3)
Case 872:
(2,6)
(3,5)
(4,4)
Case 873:
(1,4)
(2,3)
Case 874:
(1,3)
(2,2)
Case 875:
(6,6)
Case 876:
(1,4)
(2,3)
Case 877:
(1,2)
Case 878:
(1,5)
(2,4)
(3,3)
Case 879:
(1,6)
(2,5)
(3,4)
Case 880:
(2,6)
(3,5)
(4,4)
Case 881:
(1,5)
(2,4)
(3,3)
Case 882:
(6,6)
Case 883:
(1,4)
(2,3)
Case 884:
(5,6)
Case 885:
(6,6)
Case 886:
(1,1)
Case 887:
(4,6)
(5,5)
Case 888:
(2,6)
(3,5)
(4,4)
Case 889:
(1,2)
Case 890:
(3,6)
(4,5)
Case 891:
(1,6)
(2,5)
(3,4)
Case 892:
(6,6)
Case 893:
(1,6)
(2,5)
(3,4)
Case 894:
(4,6)
(5,5)
Case 895:
(1,1)
Case 896:
(1,6)
(2,5)
(3,4)
Case 897:
(3,6)
(4,5)
Case 898:
(1,5)
(2,4)
(3,3)
Case 899:
(1,1)
Case 900:
(4,6)
(5,5)
Case 901:
(1,2)
Case 902:
(6,6)
Case 903:
(3,6)
(4,5)
Case 904:
(1,1)
Case 905:
(1,5)
(2,4)
(3,3)
Case 906:
(1,5)
(2,4)
(3,3)
Case 907:
(4,6)
(5,5)
Case 908:
(4,6)
(5,5)
Case 909:
(5,6)
Case 910:
(1,2)
Case 911:
(6,6)
Case 912:
(1,2)
Case 913:
(1,5)
(2,4)
(3,3)
Case 914:
(2,6)
(3,5)
(4,4)
Case 915:
(1,3)
(2,2)
Case 916:
(1,2)
Case 917:
(1,6)
(2,5)
(3,4)
Case 918:
(2,6)
(3,5)
(4,4)
Case 919:
(6,6)
Case 920:
(3,6)
(4,5)
Case 921:
(1,6)
(2,5)
(3,4)
Case 922:
(1,3)
(2,2)
Case 923:
(1,3)
(2,2)
Case 924:
(1,1)
Case 925:
(1,2)
Case 926:
(1,1)
Case 927:
(5,6)
Case 928:
(1,5)
(2,4)
(3,3)
Case 929:
(1,4)
(2,3)
Case 930:
(4,6)
(5,5)
Case 931:
(3,6)
(4,5)
Case 932:
(1,3)
(2,2)
Case 933:
(1,4)
(2,3)
Case 934:
(1,1)
Case 935:
(3,6)
(4,5)
Case 936:
(5,6)
Case 937:
(1,4)
(2,3)
Case 938:
(1,2)
Case 939:
(1,3)
(2,2)
Case 940:
(1,5)
(2,4)
(3,3)
Case 941:
(1,5)
(2,4)
(3,3)
Case 942:
(2,6)
(3,5)
(4,4)
Case 943:
(1,4)
(2,3)
Case 944:
(1,2)
Case 945:
(1,4)
(2,3)
Case 946:
(1,6)
(2,5)
(3,4)
Case 947:
(1,1)
Case 948:
(2,6)
(3,5)
(4,4)
Case 949:
(1,5)
(2,4)
(3,3)
Case 950:
(1,2)
Case 951:
(4,6)
(5,5)
Case 952:
(1,6)
(2,5)
(3,4)
Case 953:
(1,6)
(2,5)
(3,4)
Case 954:
(1,2)
Case 955:
(3,6)
(4,5)
Case 956:
(1,4)
(2,3)
Case 957:
(2,6)
(3,5)
(4,4)
Case 958:
(1,1)
Case 959:
(4,6)
(5,5)
Case 960:
(6,6)
Case 961:
(2,6)
(3,5)
(4,4)
Case 962:
(1,2)
Case 963:
(1,6)
(2,5)
(3,4)
Case 964:
(1,5)
(2,4)
(3,3)
Case 965:
(1,1)
Case 966:
(1,5)
(2,4)
(3,3)
Case 967:
(3,6)
(4,5)
Case 968:
(1,5)
(2,4)
(3,3)
Case 969:
(5,6)
Case 970:
(1,3)
(2,2)
Case 971:
(1,3)
(2,2)
Case 972:
(1,1)
Case 973:
(1,5)
(2,4)
(3,3)
Case 974:
(1,5)
(2,4)
(3,3)
Case 975:
(1,4)
(2,3)
Case 976:
(1,2)
Case 977:
(2,6)
(3,5)
(4,4)
Case 978:
(1,6)
(2,5)
(3,4)
Case 979:
(6,6)
Case 980:
(1,2)
Case 981:
(6,6)
Case 982:
(1,2)
Case 983:
(1,5)
(2,4)
(3,3)
Case 984:
(1,5)
(2,4)
(3,3)
Case 985:
(1,5)
(2,4)
(3,3)
Case 986:
(1,3)
(2,2)
Case 987:
(1,5)
(2,4)
(3,3)
Case 988:
(4,6)
(5,5)
Case 989:
(3,6)
(4,5)
Case 990:
(1,6)
(2,5)
(3,4)
Case 991:
(1,5)
(2,4)
(3,3)
Case 992:
(3,6)
(4,5)
Case 993:
(1,5)
(2,4)
(3,3)
Case 994:
(1,2)
Case 995:
(5,6)
Case 996:
(1,3)
(2,2)
Case 997:
(1,1)
Case 998:
(2,6)
(3,5)
(4,4)
Case 999:
(3,6)
(4,5)
Case 1000:
(5,6)
